------------------------------------------------------- 

 Date et heure de création : 2019-10-23 15:25:20+02:00 

------------------------------------------------------- 

Running tests...
Test project /local/moulinettes/iinm21_build/bd/tmp.EdSfdM7H5z
    Start 1: quotient
1/6 Test #1: quotient ...................................   Passed    0.01 sec
    Start 2: afficher_division_euclidienne
2/6 Test #2: afficher_division_euclidienne ..............   Passed    0.01 sec
    Start 3: afficher_diviseurs
3/6 Test #3: afficher_diviseurs .........................   Passed    0.02 sec
    Start 4: nombre_de_diviseurs_positifs
4/6 Test #4: nombre_de_diviseurs_positifs ...............   Passed    0.02 sec
    Start 5: est_premier
5/6 Test #5: est_premier ................................***Failed    0.02 sec
    Start 6: afficher_decomposition_facteurs_premiers
6/6 Test #6: afficher_decomposition_facteurs_premiers ...***Failed    0.01 sec

67% tests passed, 2 tests failed out of 6

Total Test time (real) =   0.08 sec

The following tests FAILED:
	  5 - est_premier (Failed)
	  6 - afficher_decomposition_facteurs_premiers (Failed)

 ¯\_(ツ)_/¯ 

 Chuck Norris beat Minecraft
